android/Wifi_Chat/app/build/outputs/logs/manifest-merger-debug-report.txt
-- Merging decision tree log ---
manifest
ADDED from AndroidManifest.xml:2:1
	xmlns:android
		ADDED from AndroidManifest.xml:2:11
	package
		ADDED from AndroidManifest.xml:3:5
		INJECTED from AndroidManifest.xml:0:0
		INJECTED from AndroidManifest.xml:0:0
	android:versionName
		ADDED from AndroidManifest.xml:6:5
	android:versionCode
		ADDED from AndroidManifest.xml:5:5
		INJECTED from AndroidManifest.xml:0:0
		INJECTED from AndroidManifest.xml:0:0
	android:installLocation
		ADDED from AndroidManifest.xml:4:5
uses-sdk
ADDED from AndroidManifest.xml:8:5
MERGED from com.android.support:support-v4:22.2.1:20:5
	android:targetSdkVersion
		ADDED from AndroidManifest.xml:10:9
		INJECTED from AndroidManifest.xml:0:0
		INJECTED from AndroidManifest.xml:0:0
	android:minSdkVersion
		ADDED from AndroidManifest.xml:9:9
		INJECTED from AndroidManifest.xml:0:0
		INJECTED from AndroidManifest.xml:0:0
uses-permission#android.permission.INTERNET
ADDED from AndroidManifest.xml:12:5
	android:name
		ADDED from AndroidManifest.xml:12:22
uses-permission#android.permission.ACCESS_WIFI_STATE
ADDED from AndroidManifest.xml:13:5
	android:name
		ADDED from AndroidManifest.xml:13:22
uses-permission#android.permission.CHANGE_WIFI_STATE
ADDED from AndroidManifest.xml:14:5
	android:name
		ADDED from AndroidManifest.xml:14:22
uses-permission#android.permission.ACCESS_NETWORK_STATE
ADDED from AndroidManifest.xml:15:5
	android:name
		ADDED from AndroidManifest.xml:15:22
uses-permission#android.permission.MOUNT_UNMOUNT_FILESYSTEMS
ADDED from AndroidManifest.xml:16:5
	android:name
		ADDED from AndroidManifest.xml:16:22
uses-permission#android.permission.WRITE_EXTERNAL_STORAGE
ADDED from AndroidManifest.xml:17:5
	android:name
		ADDED from AndroidManifest.xml:17:22
uses-permission#android.permission.RECORD_AUDIO
ADDED from AndroidManifest.xml:18:5
	android:name
		ADDED from AndroidManifest.xml:18:22
uses-permission#android.permission.CAMERA
ADDED from AndroidManifest.xml:19:5
	android:name
		ADDED from AndroidManifest.xml:19:22
uses-permission#android.permission.ACCESS_COARSE_LOCATION
ADDED from AndroidManifest.xml:20:5
	android:name
		ADDED from AndroidManifest.xml:20:22
uses-permission#android.permission.ACCESS_FINE_LOCATION
ADDED from AndroidManifest.xml:21:5
	android:name
		ADDED from AndroidManifest.xml:21:22
uses-permission#android.permission.READ_PHONE_STATE
ADDED from AndroidManifest.xml:22:5
	android:name
		ADDED from AndroidManifest.xml:22:22
uses-permission#android.permission.READ_LOGS
ADDED from AndroidManifest.xml:23:5
	android:name
		ADDED from AndroidManifest.xml:23:22
uses-permission#android.permission.VIBRATE
ADDED from AndroidManifest.xml:24:5
	android:name
		ADDED from AndroidManifest.xml:24:22
uses-permission#android.permission.WAKE_LOCK
ADDED from AndroidManifest.xml:25:5
	android:name
		ADDED from AndroidManifest.xml:25:22
uses-permission#android.permission.WRITE_SETTINGS
ADDED from AndroidManifest.xml:26:5
	android:name
		ADDED from AndroidManifest.xml:26:22
uses-permission#android.permission.BROADCAST_STICKY
ADDED from AndroidManifest.xml:27:5
	android:name
		ADDED from AndroidManifest.xml:27:22
supports-screens
ADDED from AndroidManifest.xml:29:5
	android:resizeable
		ADDED from AndroidManifest.xml:33:9
	android:largeScreens
		ADDED from AndroidManifest.xml:31:9
	android:anyDensity
		ADDED from AndroidManifest.xml:30:9
	android:normalScreens
		ADDED from AndroidManifest.xml:32:9
	android:smallScreens
		ADDED from AndroidManifest.xml:34:9
application
ADDED from AndroidManifest.xml:36:5
MERGED from com.android.support:support-v4:22.2.1:22:5
	android:label
		ADDED from AndroidManifest.xml:41:9
	android:allowBackup
		ADDED from AndroidManifest.xml:38:9
	android:icon
		ADDED from AndroidManifest.xml:40:9
	android:theme
		ADDED from AndroidManifest.xml:43:9
	android:hardwareAccelerated
		ADDED from AndroidManifest.xml:39:9
	android:largeHeap
		ADDED from AndroidManifest.xml:42:9
	android:name
		ADDED from AndroidManifest.xml:37:9
activity#szu.wifichat.android.activity.WelcomeActivity
ADDED from AndroidManifest.xml:44:9
	android:screenOrientation
		ADDED from AndroidManifest.xml:46:13
	android:name
		ADDED from AndroidManifest.xml:45:13
intent-filter#android.intent.action.MAIN+android.intent.category.LAUNCHER
ADDED from AndroidManifest.xml:47:13
action#android.intent.action.MAIN
ADDED from AndroidManifest.xml:48:17
	android:name
		ADDED from AndroidManifest.xml:48:25
category#android.intent.category.LAUNCHER
ADDED from AndroidManifest.xml:49:17
	android:name
		ADDED from AndroidManifest.xml:49:27
activity#szu.wifichat.android.activity.SettingMyInfoPageActivity
ADDED from AndroidManifest.xml:52:9
	android:windowSoftInputMode
		ADDED from AndroidManifest.xml:55:13
	android:screenOrientation
		ADDED from AndroidManifest.xml:54:13
	android:name
		ADDED from AndroidManifest.xml:53:13
activity#szu.wifichat.android.activity.PictureGridViewActivity
ADDED from AndroidManifest.xml:57:9
	android:screenOrientation
		ADDED from AndroidManifest.xml:59:13
	android:name
		ADDED from AndroidManifest.xml:58:13
activity#szu.wifichat.android.activity.AboutActivity
ADDED from AndroidManifest.xml:61:9
	android:screenOrientation
		ADDED from AndroidManifest.xml:63:13
	android:name
		ADDED from AndroidManifest.xml:62:13
activity#szu.wifichat.android.activity.LoginActivity
ADDED from AndroidManifest.xml:65:9
	android:windowSoftInputMode
		ADDED from AndroidManifest.xml:68:13
	android:screenOrientation
		ADDED from AndroidManifest.xml:67:13
	android:name
		ADDED from AndroidManifest.xml:66:13
activity#szu.wifichat.android.activity.WifiapActivity
ADDED from AndroidManifest.xml:70:9
	android:screenOrientation
		ADDED from AndroidManifest.xml:73:13
	android:name
		ADDED from AndroidManifest.xml:71:13
	android:alwaysRetainTaskState
		ADDED from AndroidManifest.xml:72:13
activity#szu.wifichat.android.activity.imagefactory.ImageFactoryActivity
ADDED from AndroidManifest.xml:75:9
	android:screenOrientation
		ADDED from AndroidManifest.xml:77:13
	android:name
		ADDED from AndroidManifest.xml:76:13
activity#szu.wifichat.android.activity.maintabs.MainTabActivity
ADDED from AndroidManifest.xml:79:9
	android:screenOrientation
		ADDED from AndroidManifest.xml:81:13
	android:name
		ADDED from AndroidManifest.xml:80:13
activity#szu.wifichat.android.activity.maintabs.NearByActivity
ADDED from AndroidManifest.xml:83:9
	android:screenOrientation
		ADDED from AndroidManifest.xml:85:13
	android:name
		ADDED from AndroidManifest.xml:84:13
activity#szu.wifichat.android.activity.maintabs.SessionListActivity
ADDED from AndroidManifest.xml:87:9
	android:screenOrientation
		ADDED from AndroidManifest.xml:89:13
	android:name
		ADDED from AndroidManifest.xml:88:13
activity#szu.wifichat.android.activity.maintabs.SettingPageActivity
ADDED from AndroidManifest.xml:91:9
	android:screenOrientation
		ADDED from AndroidManifest.xml:93:13
	android:name
		ADDED from AndroidManifest.xml:92:13
activity#szu.wifichat.android.activity.OtherProfileActivity
ADDED from AndroidManifest.xml:95:9
	android:screenOrientation
		ADDED from AndroidManifest.xml:97:13
	android:name
		ADDED from AndroidManifest.xml:96:13
activity#szu.wifichat.android.activity.ImageBrowserActivity
ADDED from AndroidManifest.xml:99:9
	android:screenOrientation
		ADDED from AndroidManifest.xml:101:13
	android:name
		ADDED from AndroidManifest.xml:100:13
activity#szu.wifichat.android.activity.message.ChatActivity
ADDED from AndroidManifest.xml:103:9
	android:screenOrientation
		ADDED from AndroidManifest.xml:105:13
	android:name
		ADDED from AndroidManifest.xml:104:13